<?xml version="1.0" encoding="UTF-8"?>
<!-- Generated by org.testng.reporters.JUnitXMLReporter -->
<testsuite ignored="0" hostname="Meghana-04Pers" failures="0" tests="7" name="My tests" time="33.369" errors="0" timestamp="2026-03-26T11:32:10 IST">
  <testcase classname="day42.OrangeHRMTestNG" name="openApp" time="20.363"/>
  <testcase classname="day42.OrangeHRMTestNG" name="testLogo" time="10.127"/>
  <testcase classname="day42.OrangeHRMTestNG" name="testLogin" time="2.441"/>
  <testcase classname="day42.OrangeHRMTestNG" name="testLogout" time="0.308"/>
  <testcase classname="day42.MyFirstTestNGTestCase" name="openApp" time="0.002"/>
  <testcase classname="day42.MyFirstTestNGTestCase" name="loginApp" time="0.002"/>
  <testcase classname="day42.MyFirstTestNGTestCase" name="logout" time="0.001"/>
</testsuite> <!-- My tests -->
