<?xml version="1.0" encoding="UTF-8"?>
<!-- Generated by org.testng.reporters.JUnitXMLReporter -->
<testsuite ignored="0" hostname="Meghana-04Pers" failures="0" tests="3" name="FirefoxTest" time="13.269" errors="0" timestamp="2026-03-27T12:33:46 IST">
  <testcase classname="day45.ParamClass" name="testlogo" time="0.059"/>
  <testcase classname="day45.ParamClass" name="testtile" time="0.009"/>
  <testcase classname="day45.ParamClass" name="testurl" time="0.005"/>
</testsuite> <!-- FirefoxTest -->
