<?xml version="1.0" encoding="UTF-8"?>
<!-- Generated by org.testng.reporters.JUnitReportReporter -->
<testsuite hostname="Meghana-04Pers" failures="0" tests="3" name="day42.MyFirstTestNGTestCase" time="0.005" errors="0" timestamp="2026-03-26T11:32:10 IST" skipped="0">
  <testcase classname="day42.MyFirstTestNGTestCase" name="openApp" time="0.002"/>
  <testcase classname="day42.MyFirstTestNGTestCase" name="loginApp" time="0.002"/>
  <testcase classname="day42.MyFirstTestNGTestCase" name="logout" time="0.001"/>
</testsuite> <!-- day42.MyFirstTestNGTestCase -->
