<?xml version="1.0" encoding="UTF-8"?>
<!-- Generated by org.testng.reporters.JUnitReportReporter -->
<testsuite hostname="Meghana-04Pers" failures="0" tests="9" name="day45.ParamClass" time="0.275" errors="0" timestamp="2026-03-27T12:33:47 IST" skipped="0">
  <testcase classname="day45.ParamClass" name="testlogo" time="0.064"/>
  <testcase classname="day45.ParamClass" name="testlogo" time="0.059"/>
  <testcase classname="day45.ParamClass" name="testlogo" time="0.069"/>
  <testcase classname="day45.ParamClass" name="testurl" time="0.011"/>
  <testcase classname="day45.ParamClass" name="testurl" time="0.020"/>
  <testcase classname="day45.ParamClass" name="testtile" time="0.015"/>
  <testcase classname="day45.ParamClass" name="testtile" time="0.023"/>
  <testcase classname="day45.ParamClass" name="testurl" time="0.005"/>
  <testcase classname="day45.ParamClass" name="testtile" time="0.009"/>
</testsuite> <!-- day45.ParamClass -->
