<?xml version="1.0" encoding="UTF-8"?>
<!-- Generated by org.testng.reporters.JUnitReportReporter -->
<testsuite hostname="Meghana-04Pers" failures="0" tests="4" name="day42.OrangeHRMTestNG" time="33.239" errors="0" timestamp="2026-03-26T11:32:10 IST" skipped="0">
  <testcase classname="day42.OrangeHRMTestNG" name="openApp" time="20.363"/>
  <testcase classname="day42.OrangeHRMTestNG" name="testLogo" time="10.127"/>
  <testcase classname="day42.OrangeHRMTestNG" name="testLogin" time="2.441"/>
  <testcase classname="day42.OrangeHRMTestNG" name="testLogout" time="0.308"/>
</testsuite> <!-- day42.OrangeHRMTestNG -->
